timestamp: 2011-09-25T15:06:52.181000
CREATE TABLE auth_user(
    id INTEGER PRIMARY KEY AUTOINCREMENT,
    first_name CHAR(128),
    last_name CHAR(128),
    email CHAR(512),
    password CHAR(512),
    registration_key CHAR(512),
    reset_password_key CHAR(512)
);
success!
timestamp: 2011-09-25T15:06:52.204000
CREATE TABLE auth_group(
    id INTEGER PRIMARY KEY AUTOINCREMENT,
    role CHAR(512),
    description TEXT
);
success!
timestamp: 2011-09-25T15:06:52.221000
CREATE TABLE auth_membership(
    id INTEGER PRIMARY KEY AUTOINCREMENT,
    user_id INTEGER REFERENCES auth_user(id) ON DELETE CASCADE,
    group_id INTEGER REFERENCES auth_group(id) ON DELETE CASCADE
);
success!
timestamp: 2011-09-25T15:06:52.239000
CREATE TABLE auth_permission(
    id INTEGER PRIMARY KEY AUTOINCREMENT,
    group_id INTEGER REFERENCES auth_group(id) ON DELETE CASCADE,
    name CHAR(512),
    table_name CHAR(512),
    record_id INTEGER
);
success!
timestamp: 2011-09-25T15:06:52.255000
CREATE TABLE auth_event(
    id INTEGER PRIMARY KEY AUTOINCREMENT,
    time_stamp TIMESTAMP,
    client_ip CHAR(512),
    user_id INTEGER REFERENCES auth_user(id) ON DELETE CASCADE,
    origin CHAR(512),
    description TEXT
);
success!
timestamp: 2011-09-25T15:06:52.275000
CREATE TABLE auth_cas(
    id INTEGER PRIMARY KEY AUTOINCREMENT,
    user_id INTEGER REFERENCES auth_user(id) ON DELETE CASCADE,
    created_on TIMESTAMP,
    url CHAR(512),
    uuid CHAR(512)
);
success!
timestamp: 2011-11-03T21:47:03.169000
ALTER TABLE auth_user ADD registration_id CHAR(512);
timestamp: 2011-11-04T09:20:28.665000
ALTER TABLE auth_user ADD gender CHAR(512);
timestamp: 2011-11-04T09:20:28.683000
ALTER TABLE auth_user ADD height CHAR(512);
timestamp: 2011-11-04T09:20:28.699000
ALTER TABLE auth_user ADD birthday DATE;
timestamp: 2011-11-04T09:20:28.718000
ALTER TABLE auth_user ADD current_weight CHAR(512);
timestamp: 2011-11-12T15:06:20.941000
CREATE TABLE challenges(
    id INTEGER PRIMARY KEY AUTOINCREMENT,
    name TEXT,
    description TEXT,
    start_date DATE,
    end_date DATE,
    participants TEXT,
    check_in CHAR(512),
    is_active CHAR(1),
    created_on TIMESTAMP,
    created_by INTEGER REFERENCES auth_user(id) ON DELETE CASCADE,
    modified_on TIMESTAMP,
    modified_by INTEGER REFERENCES auth_user(id) ON DELETE CASCADE
);
success!
timestamp: 2011-11-12T15:06:26.423000
CREATE TABLE user_profile(
    id INTEGER PRIMARY KEY AUTOINCREMENT,
    name TEXT,
    gender CHAR(512),
    birthday DATE,
    height CHAR(512),
    current_weight CHAR(512),
    image CHAR(512),
    challenges INTEGER REFERENCES challenges(id) ON DELETE CASCADE,
    is_active CHAR(1),
    created_on TIMESTAMP,
    created_by INTEGER REFERENCES auth_user(id) ON DELETE CASCADE,
    modified_on TIMESTAMP,
    modified_by INTEGER REFERENCES auth_user(id) ON DELETE CASCADE
);
success!
timestamp: 2011-11-12T16:08:47.028000
ALTER TABLE user_profile ADD user INTEGER REFERENCES auth_user(id) ON DELETE CASCADE;
timestamp: 2011-11-12T19:53:49.113000
ALTER TABLE auth_user ADD image CHAR(512);
timestamp: 2011-11-12T19:53:49.134000
ALTER TABLE auth_user ADD challenges TEXT;
timestamp: 2011-11-13T12:24:37.427000
ALTER TABLE challenges ADD status CHAR(512);
timestamp: 2011-11-13T14:19:51.580000
ALTER TABLE challenges ADD metric CHAR(512);
timestamp: 2011-11-16T10:06:43.289000
CREATE TABLE events(
    id INTEGER PRIMARY KEY AUTOINCREMENT,
    name CHAR(512),
    description TEXT,
    start_date DATE,
    end_date DATE,
    participants TEXT,
    check_in CHAR(512),
    status CHAR(512),
    metric_name CHAR(512),
    metric_value DOUBLE,
    is_active CHAR(1),
    created_on TIMESTAMP,
    created_by INTEGER REFERENCES auth_user(id) ON DELETE CASCADE,
    modified_on TIMESTAMP,
    modified_by INTEGER REFERENCES auth_user(id) ON DELETE CASCADE
);
success!
timestamp: 2011-11-16T13:05:31.673000
ALTER TABLE events ADD metric_type CHAR(512);
timestamp: 2011-11-16T13:06:02.595000
CREATE TABLE event_status(
    id INTEGER PRIMARY KEY AUTOINCREMENT,
    event_name CHAR(512),
    user_name CHAR(512),
    goal INTEGER,
    check_in TEXT
);
success!
timestamp: 2011-11-17T11:47:43.075000
ALTER TABLE event_status ADD event INTEGER REFERENCES events(id) ON DELETE CASCADE;
timestamp: 2011-11-18T19:47:35.867000
CREATE TABLE entries(
    id INTEGER PRIMARY KEY AUTOINCREMENT,
    event_status INTEGER REFERENCES event_status(id) ON DELETE CASCADE,
    date_entered DATE,
    entry DOUBLE
);
success!
timestamp: 2011-11-18T19:52:45.823000
CREATE TABLE event_users(
    id INTEGER PRIMARY KEY AUTOINCREMENT,
    event INTEGER REFERENCES events(id) ON DELETE CASCADE,
    user_name INTEGER REFERENCES auth_user(id) ON DELETE CASCADE,
    goal INTEGER
);
success!
timestamp: 2011-11-18T19:56:06.556000
ALTER TABLE entries ADD user INTEGER REFERENCES event_users(id) ON DELETE CASCADE;
timestamp: 2011-11-18T20:00:14.110000
ALTER TABLE entries ADD event INTEGER REFERENCES events(id) ON DELETE CASCADE;
timestamp: 2011-11-18T21:03:32.092000
ALTER TABLE event_users ADD last_entry DATE;
timestamp: 2011-11-18T21:03:32.206000
ALTER TABLE entries ADD value DOUBLE;
timestamp: 2011-11-19T14:58:44.819000
CREATE TABLE event_entries(
    id INTEGER PRIMARY KEY AUTOINCREMENT,
    event INTEGER REFERENCES events(id) ON DELETE CASCADE,
    user_name INTEGER REFERENCES auth_user(id) ON DELETE CASCADE,
    goal DOUBLE,
    date_entered DATE,
    value DOUBLE,
    is_active CHAR(1),
    created_on TIMESTAMP,
    created_by INTEGER REFERENCES auth_user(id) ON DELETE CASCADE,
    modified_on TIMESTAMP,
    modified_by INTEGER REFERENCES auth_user(id) ON DELETE CASCADE
);
success!
timestamp: 2011-11-22T17:01:35.610000
ALTER TABLE events ADD frequency CHAR(512);
